Build started 1/31/2014 11:02:29 PM.
     1>Project "F:\Global-Illumination\GlobalIllumination\SimplePT\SimplePT.vcxproj" on node 2 (build target(s)).
     1>InitializeBuildStatus:
         Touching "Debug\SimplePT.unsuccessfulbuild".
       ClCompile:
         D:\Microsoft Visual Studio 10.0\VC\bin\CL.exe /c /ZI /nologo /W3 /WX- /Od /Oy- /D _MBCS /Gm /EHsc /RTC1 /MDd /GS /fp:precise /Zc:wchar_t /Zc:forScope /openmp /Fo"Debug\\" /Fd"Debug\vc100.pdb" /Gd /TP /analyze- /errorReport:prompt sample.cpp
         sample.cpp
     1>f:\global-illumination\globalillumination\simplept\sample.cpp(130): warning C4996: 'fopen': This function or variable may be unsafe. Consider using fopen_s instead. To disable deprecation, use _CRT_SECURE_NO_WARNINGS. See online help for details.
                 d:\microsoft visual studio 10.0\vc\include\stdio.h(234) : see declaration of 'fopen'
       Link:
         D:\Microsoft Visual Studio 10.0\VC\bin\link.exe /ERRORREPORT:PROMPT /OUT:"F:\Global-Illumination\GlobalIllumination\Debug\SimplePT.exe" /NOLOGO kernel32.lib user32.lib gdi32.lib winspool.lib comdlg32.lib advapi32.lib shell32.lib ole32.lib oleaut32.lib uuid.lib odbc32.lib odbccp32.lib /MANIFEST /ManifestFile:"Debug\SimplePT.exe.intermediate.manifest" /MANIFESTUAC:"level='asInvoker' uiAccess='false'" /DEBUG /PDB:"F:\Global-Illumination\GlobalIllumination\Debug\SimplePT.pdb" /TLBID:1 /DYNAMICBASE /NXCOMPAT /IMPLIB:"F:\Global-Illumination\GlobalIllumination\Debug\SimplePT.lib" /MACHINE:X86 Debug\main.obj
         Debug\sample.obj
         LINK : F:\Global-Illumination\GlobalIllumination\Debug\SimplePT.exe not found or not built by the last incremental link; performing full link
         SimplePT.vcxproj -> F:\Global-Illumination\GlobalIllumination\Debug\SimplePT.exe
       Manifest:
         C:\Program Files (x86)\Microsoft SDKs\Windows\v7.0A\bin\mt.exe /nologo /verbose /outputresource:"F:\Global-Illumination\GlobalIllumination\Debug\SimplePT.exe;#1" /manifest Debug\SimplePT.exe.intermediate.manifest
       FinalizeBuildStatus:
         Deleting file "Debug\SimplePT.unsuccessfulbuild".
         Touching "Debug\SimplePT.lastbuildstate".
     1>Done Building Project "F:\Global-Illumination\GlobalIllumination\SimplePT\SimplePT.vcxproj" (build target(s)).

Build succeeded.

Time Elapsed 00:00:02.57
