Build started 2/5/2014 1:54:13 AM.
     1>Project "F:\Github\Global-Illumination\source\SimplePT\SimplePT.vcxproj" on node 2 (build target(s)).
     1>InitializeBuildStatus:
         Creating "Release\SimplePT.unsuccessfulbuild" because "AlwaysCreate" was specified.
       ClCompile:
         D:\Microsoft Visual Studio 10.0\VC\bin\CL.exe /c /Zi /nologo /W3 /WX- /O2 /Oi /Oy- /GL /D _MBCS /Gm- /EHsc /MD /GS /Gy /fp:precise /Zc:wchar_t /Zc:forScope /openmp /Fo"Release\\" /Fd"Release\vc100.pdb" /Gd /TP /analyze- /errorReport:prompt main.cpp
         main.cpp
     1>main.cpp(117): warning C4996: 'fopen': This function or variable may be unsafe. Consider using fopen_s instead. To disable deprecation, use _CRT_SECURE_NO_WARNINGS. See online help for details.
                 D:\Microsoft Visual Studio 10.0\VC\include\stdio.h(234) : see declaration of 'fopen'
     1>main.cpp(307): warning C4996: 'ctime': This function or variable may be unsafe. Consider using ctime_s instead. To disable deprecation, use _CRT_SECURE_NO_WARNINGS. See online help for details.
                 D:\Microsoft Visual Studio 10.0\VC\include\time.inl(86) : see declaration of 'ctime'
       Link:
         D:\Microsoft Visual Studio 10.0\VC\bin\link.exe /ERRORREPORT:PROMPT /OUT:"F:\Github\Global-Illumination\source\Release\SimplePT.exe" /NOLOGO kernel32.lib user32.lib gdi32.lib winspool.lib comdlg32.lib advapi32.lib shell32.lib ole32.lib oleaut32.lib uuid.lib odbc32.lib odbccp32.lib /MANIFEST /ManifestFile:"Release\SimplePT.exe.intermediate.manifest" /MANIFESTUAC:"level='asInvoker' uiAccess='false'" /DEBUG /PDB:"F:\Github\Global-Illumination\source\Release\SimplePT.pdb" /OPT:REF /OPT:ICF /LTCG /TLBID:1 /DYNAMICBASE /NXCOMPAT /IMPLIB:"F:\Github\Global-Illumination\source\Release\SimplePT.lib" /MACHINE:X86 Release\main.obj
         Release\sample.obj
         Generating code
     1>f:\github\global-illumination\source\simplept\main.cpp(295): warning C4715: 'radiance' : not all control paths return a value
         Finished generating code
         SimplePT.vcxproj -> F:\Github\Global-Illumination\source\Release\SimplePT.exe
       Manifest:
         C:\Program Files (x86)\Microsoft SDKs\Windows\v7.0A\bin\mt.exe /nologo /verbose /outputresource:"F:\Github\Global-Illumination\source\Release\SimplePT.exe;#1" /manifest Release\SimplePT.exe.intermediate.manifest
       FinalizeBuildStatus:
         Deleting file "Release\SimplePT.unsuccessfulbuild".
         Touching "Release\SimplePT.lastbuildstate".
     1>Done Building Project "F:\Github\Global-Illumination\source\SimplePT\SimplePT.vcxproj" (build target(s)).

Build succeeded.

Time Elapsed 00:00:02.29
